<?xml version="1.0" encoding="UTF-8"?>
<!-- Generated by org.testng.reporters.JUnitXMLReporter -->
<testsuite ignored="0" hostname="DESKTOP-T6D8ETQ" failures="0" tests="3" name="Users" time="0.075" errors="0" timestamp="2022-11-08T17:50:11 IST">
  <testcase classname="com.sgtesting.parameters.Users" name="createUser" time="0.008"/>
  <testcase classname="com.sgtesting.parameters.Users" name="deleteUser" time="0.003"/>
  <testcase classname="com.sgtesting.parameters.Users" name="modifyUser" time="0.001"/>
</testsuite> <!-- Users -->
