<?xml version="1.0" encoding="UTF-8"?>
<!-- Generated by org.testng.reporters.JUnitXMLReporter -->
<testsuite ignored="0" hostname="DESKTOP-T6D8ETQ" failures="0" tests="3" name="products" time="0.013" errors="0" timestamp="2022-11-08T17:51:07 IST">
  <testcase classname="com.sgtesting.products.Products" name="createProduct" time="0.002"/>
  <testcase classname="com.sgtesting.products.Products" name="deleteProduct" time="0.001"/>
  <testcase classname="com.sgtesting.products.Products" name="modifyProduct" time="0.001"/>
</testsuite> <!-- products -->
